<?xml version="1.0" encoding="UTF-8"?>
<testsuite xmlns:xsi="http://www.w3.org/2001/XMLSchema-instance" xsi:noNamespaceSchemaLocation="https://maven.apache.org/surefire/maven-surefire-plugin/xsd/surefire-test-report-3.0.xsd" version="3.0" name="TestSuite" time="187.906" tests="10" errors="0" skipped="0" failures="1">
  <properties>
    <property name="sun.desktop" value="windows"/>
    <property name="awt.toolkit" value="sun.awt.windows.WToolkit"/>
    <property name="java.specification.version" value="11"/>
    <property name="webdriver.chrome.driver" value="C:\Users\maddy\eclipse-maddyworkspace\hybrid./driver/chromedriver.exe"/>
    <property name="sun.cpu.isalist" value="amd64"/>
    <property name="sun.jnu.encoding" value="Cp1252"/>
    <property name="java.class.path" value="C:\Users\maddy\eclipse-maddyworkspace\hybrid\target\test-classes;C:\Users\maddy\eclipse-maddyworkspace\hybrid\target\classes;C:\Users\maddy\.m2\repository\org\seleniumhq\selenium\selenium-java\3.141.59\selenium-java-3.141.59.jar;C:\Users\maddy\.m2\repository\org\seleniumhq\selenium\selenium-api\3.141.59\selenium-api-3.141.59.jar;C:\Users\maddy\.m2\repository\org\seleniumhq\selenium\selenium-chrome-driver\3.141.59\selenium-chrome-driver-3.141.59.jar;C:\Users\maddy\.m2\repository\org\seleniumhq\selenium\selenium-edge-driver\3.141.59\selenium-edge-driver-3.141.59.jar;C:\Users\maddy\.m2\repository\org\seleniumhq\selenium\selenium-firefox-driver\3.141.59\selenium-firefox-driver-3.141.59.jar;C:\Users\maddy\.m2\repository\org\seleniumhq\selenium\selenium-ie-driver\3.141.59\selenium-ie-driver-3.141.59.jar;C:\Users\maddy\.m2\repository\org\seleniumhq\selenium\selenium-opera-driver\3.141.59\selenium-opera-driver-3.141.59.jar;C:\Users\maddy\.m2\repository\org\seleniumhq\selenium\selenium-remote-driver\3.141.59\selenium-remote-driver-3.141.59.jar;C:\Users\maddy\.m2\repository\org\seleniumhq\selenium\selenium-safari-driver\3.141.59\selenium-safari-driver-3.141.59.jar;C:\Users\maddy\.m2\repository\org\seleniumhq\selenium\selenium-support\3.141.59\selenium-support-3.141.59.jar;C:\Users\maddy\.m2\repository\net\bytebuddy\byte-buddy\1.8.15\byte-buddy-1.8.15.jar;C:\Users\maddy\.m2\repository\org\apache\commons\commons-exec\1.3\commons-exec-1.3.jar;C:\Users\maddy\.m2\repository\com\google\guava\guava\25.0-jre\guava-25.0-jre.jar;C:\Users\maddy\.m2\repository\com\google\code\findbugs\jsr305\1.3.9\jsr305-1.3.9.jar;C:\Users\maddy\.m2\repository\org\checkerframework\checker-compat-qual\2.0.0\checker-compat-qual-2.0.0.jar;C:\Users\maddy\.m2\repository\com\google\errorprone\error_prone_annotations\2.1.3\error_prone_annotations-2.1.3.jar;C:\Users\maddy\.m2\repository\com\google\j2objc\j2objc-annotations\1.1\j2objc-annotations-1.1.jar;C:\Users\maddy\.m2\repository\org\codehaus\mojo\animal-sniffer-annotations\1.14\animal-sniffer-annotations-1.14.jar;C:\Users\maddy\.m2\repository\com\squareup\okhttp3\okhttp\3.11.0\okhttp-3.11.0.jar;C:\Users\maddy\.m2\repository\com\squareup\okio\okio\1.14.0\okio-1.14.0.jar;C:\Users\maddy\.m2\repository\org\testng\testng\7.0.0\testng-7.0.0.jar;C:\Users\maddy\.m2\repository\com\beust\jcommander\1.72\jcommander-1.72.jar;C:\Users\maddy\.m2\repository\junit\junit\4.11\junit-4.11.jar;C:\Users\maddy\.m2\repository\org\hamcrest\hamcrest-core\1.3\hamcrest-core-1.3.jar;C:\Users\maddy\.m2\repository\commons-io\commons-io\2.11.0\commons-io-2.11.0.jar;C:\Users\maddy\.m2\repository\log4j\log4j\1.2.17\log4j-1.2.17.jar;C:\Users\maddy\.m2\repository\org\apache\poi\poi\4.1.0\poi-4.1.0.jar;C:\Users\maddy\.m2\repository\commons-codec\commons-codec\1.12\commons-codec-1.12.jar;C:\Users\maddy\.m2\repository\org\apache\commons\commons-collections4\4.3\commons-collections4-4.3.jar;C:\Users\maddy\.m2\repository\org\apache\commons\commons-math3\3.6.1\commons-math3-3.6.1.jar;C:\Users\maddy\.m2\repository\org\apache\poi\poi-ooxml\4.1.0\poi-ooxml-4.1.0.jar;C:\Users\maddy\.m2\repository\org\apache\poi\poi-ooxml-schemas\4.1.0\poi-ooxml-schemas-4.1.0.jar;C:\Users\maddy\.m2\repository\org\apache\xmlbeans\xmlbeans\3.1.0\xmlbeans-3.1.0.jar;C:\Users\maddy\.m2\repository\org\apache\commons\commons-compress\1.18\commons-compress-1.18.jar;C:\Users\maddy\.m2\repository\com\github\virtuald\curvesapi\1.06\curvesapi-1.06.jar;C:\Users\maddy\.m2\repository\com\relevantcodes\extentreports\2.41.2\extentreports-2.41.2.jar;C:\Users\maddy\.m2\repository\org\jsoup\jsoup\1.8.3\jsoup-1.8.3.jar;C:\Users\maddy\.m2\repository\org\xerial\sqlite-jdbc\3.8.11.1\sqlite-jdbc-3.8.11.1.jar;C:\Users\maddy\.m2\repository\org\freemarker\freemarker\2.3.23\freemarker-2.3.23.jar;C:\Users\maddy\.m2\repository\org\mongodb\mongodb-driver\3.0.4\mongodb-driver-3.0.4.jar;C:\Users\maddy\.m2\repository\org\mongodb\bson\3.0.4\bson-3.0.4.jar;C:\Users\maddy\.m2\repository\org\mongodb\mongodb-driver-core\3.0.4\mongodb-driver-core-3.0.4.jar;"/>
    <property name="java.vm.vendor" value="Oracle Corporation"/>
    <property name="sun.arch.data.model" value="64"/>
    <property name="user.variant" value=""/>
    <property name="java.vendor.url" value="https://openjdk.java.net/"/>
    <property name="user.timezone" value="Asia/Calcutta"/>
    <property name="java.vm.specification.version" value="11"/>
    <property name="os.name" value="Windows 10"/>
    <property name="sun.java.launcher" value="SUN_STANDARD"/>
    <property name="user.country" value="IN"/>
    <property name="sun.boot.library.path" value="C:\Program Files\Java\jdk-11.0.13\bin"/>
    <property name="sun.java.command" value="C:\Users\maddy\AppData\Local\Temp\surefire14242140904831836312\surefirebooter15533258454260625415.jar C:\Users\maddy\AppData\Local\Temp\surefire14242140904831836312 2022-01-17T00-12-20_862-jvmRun1 surefire9630620331418117948tmp surefire_013328898214046374509tmp"/>
    <property name="jdk.debug" value="release"/>
    <property name="surefire.test.class.path" value="C:\Users\maddy\eclipse-maddyworkspace\hybrid\target\test-classes;C:\Users\maddy\eclipse-maddyworkspace\hybrid\target\classes;C:\Users\maddy\.m2\repository\org\seleniumhq\selenium\selenium-java\3.141.59\selenium-java-3.141.59.jar;C:\Users\maddy\.m2\repository\org\seleniumhq\selenium\selenium-api\3.141.59\selenium-api-3.141.59.jar;C:\Users\maddy\.m2\repository\org\seleniumhq\selenium\selenium-chrome-driver\3.141.59\selenium-chrome-driver-3.141.59.jar;C:\Users\maddy\.m2\repository\org\seleniumhq\selenium\selenium-edge-driver\3.141.59\selenium-edge-driver-3.141.59.jar;C:\Users\maddy\.m2\repository\org\seleniumhq\selenium\selenium-firefox-driver\3.141.59\selenium-firefox-driver-3.141.59.jar;C:\Users\maddy\.m2\repository\org\seleniumhq\selenium\selenium-ie-driver\3.141.59\selenium-ie-driver-3.141.59.jar;C:\Users\maddy\.m2\repository\org\seleniumhq\selenium\selenium-opera-driver\3.141.59\selenium-opera-driver-3.141.59.jar;C:\Users\maddy\.m2\repository\org\seleniumhq\selenium\selenium-remote-driver\3.141.59\selenium-remote-driver-3.141.59.jar;C:\Users\maddy\.m2\repository\org\seleniumhq\selenium\selenium-safari-driver\3.141.59\selenium-safari-driver-3.141.59.jar;C:\Users\maddy\.m2\repository\org\seleniumhq\selenium\selenium-support\3.141.59\selenium-support-3.141.59.jar;C:\Users\maddy\.m2\repository\net\bytebuddy\byte-buddy\1.8.15\byte-buddy-1.8.15.jar;C:\Users\maddy\.m2\repository\org\apache\commons\commons-exec\1.3\commons-exec-1.3.jar;C:\Users\maddy\.m2\repository\com\google\guava\guava\25.0-jre\guava-25.0-jre.jar;C:\Users\maddy\.m2\repository\com\google\code\findbugs\jsr305\1.3.9\jsr305-1.3.9.jar;C:\Users\maddy\.m2\repository\org\checkerframework\checker-compat-qual\2.0.0\checker-compat-qual-2.0.0.jar;C:\Users\maddy\.m2\repository\com\google\errorprone\error_prone_annotations\2.1.3\error_prone_annotations-2.1.3.jar;C:\Users\maddy\.m2\repository\com\google\j2objc\j2objc-annotations\1.1\j2objc-annotations-1.1.jar;C:\Users\maddy\.m2\repository\org\codehaus\mojo\animal-sniffer-annotations\1.14\animal-sniffer-annotations-1.14.jar;C:\Users\maddy\.m2\repository\com\squareup\okhttp3\okhttp\3.11.0\okhttp-3.11.0.jar;C:\Users\maddy\.m2\repository\com\squareup\okio\okio\1.14.0\okio-1.14.0.jar;C:\Users\maddy\.m2\repository\org\testng\testng\7.0.0\testng-7.0.0.jar;C:\Users\maddy\.m2\repository\com\beust\jcommander\1.72\jcommander-1.72.jar;C:\Users\maddy\.m2\repository\junit\junit\4.11\junit-4.11.jar;C:\Users\maddy\.m2\repository\org\hamcrest\hamcrest-core\1.3\hamcrest-core-1.3.jar;C:\Users\maddy\.m2\repository\commons-io\commons-io\2.11.0\commons-io-2.11.0.jar;C:\Users\maddy\.m2\repository\log4j\log4j\1.2.17\log4j-1.2.17.jar;C:\Users\maddy\.m2\repository\org\apache\poi\poi\4.1.0\poi-4.1.0.jar;C:\Users\maddy\.m2\repository\commons-codec\commons-codec\1.12\commons-codec-1.12.jar;C:\Users\maddy\.m2\repository\org\apache\commons\commons-collections4\4.3\commons-collections4-4.3.jar;C:\Users\maddy\.m2\repository\org\apache\commons\commons-math3\3.6.1\commons-math3-3.6.1.jar;C:\Users\maddy\.m2\repository\org\apache\poi\poi-ooxml\4.1.0\poi-ooxml-4.1.0.jar;C:\Users\maddy\.m2\repository\org\apache\poi\poi-ooxml-schemas\4.1.0\poi-ooxml-schemas-4.1.0.jar;C:\Users\maddy\.m2\repository\org\apache\xmlbeans\xmlbeans\3.1.0\xmlbeans-3.1.0.jar;C:\Users\maddy\.m2\repository\org\apache\commons\commons-compress\1.18\commons-compress-1.18.jar;C:\Users\maddy\.m2\repository\com\github\virtuald\curvesapi\1.06\curvesapi-1.06.jar;C:\Users\maddy\.m2\repository\com\relevantcodes\extentreports\2.41.2\extentreports-2.41.2.jar;C:\Users\maddy\.m2\repository\org\jsoup\jsoup\1.8.3\jsoup-1.8.3.jar;C:\Users\maddy\.m2\repository\org\xerial\sqlite-jdbc\3.8.11.1\sqlite-jdbc-3.8.11.1.jar;C:\Users\maddy\.m2\repository\org\freemarker\freemarker\2.3.23\freemarker-2.3.23.jar;C:\Users\maddy\.m2\repository\org\mongodb\mongodb-driver\3.0.4\mongodb-driver-3.0.4.jar;C:\Users\maddy\.m2\repository\org\mongodb\bson\3.0.4\bson-3.0.4.jar;C:\Users\maddy\.m2\repository\org\mongodb\mongodb-driver-core\3.0.4\mongodb-driver-core-3.0.4.jar;"/>
    <property name="sun.cpu.endian" value="little"/>
    <property name="user.home" value="C:\Users\maddy"/>
    <property name="user.language" value="en"/>
    <property name="java.specification.vendor" value="Oracle Corporation"/>
    <property name="java.version.date" value="2021-10-19"/>
    <property name="java.home" value="C:\Program Files\Java\jdk-11.0.13"/>
    <property name="file.separator" value="\"/>
    <property name="basedir" value="C:\Users\maddy\eclipse-maddyworkspace\hybrid"/>
    <property name="java.vm.compressedOopsMode" value="32-bit"/>
    <property name="line.separator" value="&#10;"/>
    <property name="java.specification.name" value="Java Platform API Specification"/>
    <property name="java.vm.specification.vendor" value="Oracle Corporation"/>
    <property name="java.awt.graphicsenv" value="sun.awt.Win32GraphicsEnvironment"/>
    <property name="surefire.real.class.path" value="C:\Users\maddy\AppData\Local\Temp\surefire14242140904831836312\surefirebooter15533258454260625415.jar"/>
    <property name="user.script" value=""/>
    <property name="sun.management.compiler" value="HotSpot 64-Bit Tiered Compilers"/>
    <property name="java.runtime.version" value="11.0.13+10-LTS-370"/>
    <property name="user.name" value="maddy"/>
    <property name="path.separator" value=";"/>
    <property name="os.version" value="10.0"/>
    <property name="java.runtime.name" value="Java(TM) SE Runtime Environment"/>
    <property name="file.encoding" value="Cp1252"/>
    <property name="java.vm.name" value="Java HotSpot(TM) 64-Bit Server VM"/>
    <property name="java.vendor.version" value="18.9"/>
    <property name="localRepository" value="C:\Users\maddy\.m2\repository"/>
    <property name="java.vendor.url.bug" value="https://bugreport.java.com/bugreport/"/>
    <property name="java.io.tmpdir" value="C:\Users\maddy\AppData\Local\Temp\"/>
    <property name="java.version" value="11.0.13"/>
    <property name="user.dir" value="C:\Users\maddy\eclipse-maddyworkspace\hybrid"/>
    <property name="os.arch" value="amd64"/>
    <property name="java.vm.specification.name" value="Java Virtual Machine Specification"/>
    <property name="java.awt.printerjob" value="sun.awt.windows.WPrinterJob"/>
    <property name="sun.os.patch.level" value=""/>
    <property name="java.library.path" value="C:\Program Files\Java\jdk-11.0.13\bin;C:\WINDOWS\Sun\Java\bin;C:\WINDOWS\system32;C:\WINDOWS;C:\Program Files\Common Files\Oracle\Java\javapath;C:\WINDOWS\system32;C:\WINDOWS;C:\WINDOWS\System32\Wbem;C:\WINDOWS\System32\WindowsPowerShell\v1.0\;C:\WINDOWS\System32\OpenSSH\;C:\Program Files\Java\jdk-11.0.13;C:\Program Files\Git\cmd;C:\Program Files\Java\jdk-11.0.13\bin;C:\Users\maddy\AppData\Local\Android\Sdk\tools\bin;C:\Users\maddy\AppData\Local\Android\Sdk\tools;C:\Users\maddy\AppData\Local\Android\Sdk\platform-tools;C:\Users\maddy\axis2-1.6.2\bin;C:\Program Files\MySQL\MySQL Shell 8.0\bin\;C:\Users\maddy\AppData\Local\Microsoft\WindowsApps;C:\apache-maven\src\bin\bin;C:\Program Files\Java\jdk-11.0.13\bin;;."/>
    <property name="java.vendor" value="Oracle Corporation"/>
    <property name="java.vm.info" value="mixed mode"/>
    <property name="java.vm.version" value="11.0.13+10-LTS-370"/>
    <property name="sun.io.unicode.encoding" value="UnicodeLittle"/>
    <property name="java.class.version" value="55.0"/>
  </properties>
  <testcase name="validateTitle[Book Outstation Cabs, Local &amp; Airport Taxi Service - India&apos;s Leading Car Rentals](1)" classname="com.mindtree.runner.carsrunner" time="0.691">
    <system-out><![CDATA[01-17-2022 00:12:58 ExtentLogUtilities.java INFO  [main] runner.carsrunner 14 - URL Opened
01-17-2022 00:13:22 ExtentLogUtilities.java INFO  [main] runner.carsrunner 14 - Page opend with title Book Outstation Cabs, Local & Airport Taxi Service - India's Leading Car Rentals
]]></system-out>
    <system-err><![CDATA[Starting ChromeDriver 96.0.4664.45 (76e4c1bb2ab4671b8beba3444e61c0f17584b2fc-refs/branch-heads/4664@{#947}) on port 42577
Only local connections are allowed.
Please see https://chromedriver.chromium.org/security-considerations for suggestions on keeping ChromeDriver safe.
ChromeDriver was started successfully.
[1642358567.477][WARNING]: This version of ChromeDriver has not been tested with Chrome version 97.
Jan 17, 2022 12:12:49 AM org.openqa.selenium.remote.ProtocolHandshake createSession
INFO: Detected dialect: W3C
[1642358588.833][SEVERE]: Timed out receiving message from renderer: 10.000
[1642358588.874][WARNING]: screenshot failed, retrying timeout: Timed out receiving message from renderer: 10.000
[1642358598.886][SEVERE]: Timed out receiving message from renderer: 10.000
]]></system-err>
  </testcase>
  <testcase name="LogIn[madheshmaddy080@gmail.com, madhesh@2001](1)" classname="com.mindtree.runner.carsrunner" time="10.375">
    <system-out><![CDATA[01-17-2022 00:13:23 ExtentLogUtilities.java INFO  [main] runner.carsrunner 14 - signin is clicked in page home page
01-17-2022 00:13:30 ExtentLogUtilities.java INFO  [main] runner.carsrunner 14 - Email field is send in page Account Log in
01-17-2022 00:13:30 ExtentLogUtilities.java INFO  [main] runner.carsrunner 14 - password field is send in page Account Log in
01-17-2022 00:13:31 ExtentLogUtilities.java INFO  [main] runner.carsrunner 14 - sign in button is clicked in page Account Log in
01-17-2022 00:13:32 ExtentLogUtilities.java INFO  [main] runner.carsrunner 14 - Successfully logged in
]]></system-out>
  </testcase>
  <testcase name="Outstation[Bangalore, Karnataka, Chennai Central, Chennai](1)" classname="com.mindtree.runner.carsrunner" time="17.4">
    <system-out><![CDATA[01-17-2022 00:13:33 ExtentLogUtilities.java INFO  [main] runner.carsrunner 14 - from place is clicked in page outstation
01-17-2022 00:13:34 ExtentLogUtilities.java INFO  [main] runner.carsrunner 14 - from place is send in page outstation
01-17-2022 00:13:35 ExtentLogUtilities.java INFO  [main] runner.carsrunner 14 - to place is clicked in page outstation
01-17-2022 00:13:36 ExtentLogUtilities.java INFO  [main] runner.carsrunner 14 - to place is send in page outstation
01-17-2022 00:13:37 ExtentLogUtilities.java INFO  [main] runner.carsrunner 14 - to place is clicked in page outstation
01-17-2022 00:13:42 ExtentLogUtilities.java INFO  [main] runner.carsrunner 14 - select car is clicked in page outstation
01-17-2022 00:13:45 ExtentLogUtilities.java INFO  [main] runner.carsrunner 14 - Successfully verified
01-17-2022 00:13:48 ExtentLogUtilities.java INFO  [main] runner.carsrunner 14 - home button is clicked in page home page
]]></system-out>
  </testcase>
  <testcase name="Selectcar" classname="com.mindtree.runner.carsrunner" time="11.64">
    <system-out><![CDATA[01-17-2022 00:13:53 ExtentLogUtilities.java INFO  [main] runner.carsrunner 14 - round is clicked in page home page
01-17-2022 00:13:54 ExtentLogUtilities.java INFO  [main] runner.carsrunner 14 - selectcar is clicked in page round
01-17-2022 00:13:58 ExtentLogUtilities.java INFO  [main] runner.carsrunner 14 - select car is clicked in page car page
01-17-2022 00:14:00 ExtentLogUtilities.java INFO  [main] runner.carsrunner 14 - booking detail shown 
01-17-2022 00:14:01 ExtentLogUtilities.java INFO  [main] runner.carsrunner 14 - home button is clicked in page home page
]]></system-out>
  </testcase>
  <testcase name="Local" classname="com.mindtree.runner.carsrunner" time="6.885">
    <system-out><![CDATA[01-17-2022 00:14:02 ExtentLogUtilities.java INFO  [main] runner.carsrunner 14 - local is clicked in page homepage
01-17-2022 00:14:03 ExtentLogUtilities.java INFO  [main] runner.carsrunner 14 - select car is clicked in page local
01-17-2022 00:14:06 ExtentLogUtilities.java INFO  [main] runner.carsrunner 14 - time is clicked in page carpage
01-17-2022 00:14:07 ExtentLogUtilities.java INFO  [main] runner.carsrunner 14 - select car is clicked in page car page
01-17-2022 00:14:07 ExtentLogUtilities.java INFO  [main] runner.carsrunner 14 - booking detail shown 
01-17-2022 00:14:08 ExtentLogUtilities.java INFO  [main] runner.carsrunner 14 - home button is clicked in page home page
]]></system-out>
  </testcase>
  <testcase name="Airport[KEB Colony](1)" classname="com.mindtree.runner.carsrunner" time="4.305">
    <failure type="com.mindtree.exceptions.ApplicationException"><![CDATA[com.mindtree.exceptions.ApplicationException
	at com.mindtree.runner.carsrunner.Airport(carsrunner.java:163)
]]></failure>
    <system-out><![CDATA[01-17-2022 00:14:09 ExtentLogUtilities.java INFO  [main] runner.carsrunner 14 - Airport is clicked in page HomePage
01-17-2022 00:14:11 ExtentLogUtilities.java INFO  [main] runner.carsrunner 14 - PickupAddress is clicked in page Airport
01-17-2022 00:14:11 ExtentLogUtilities.java INFO  [main] runner.carsrunner 14 - PickupAddress is send in page Airport
01-17-2022 00:14:12 ExtentLogUtilities.java ERROR [main] runner.carsrunner 21 - PickupAddress is not able clicked in page Airport
]]></system-out>
  </testcase>
  <testcase name="ThisApp" classname="com.mindtree.runner.carsrunner" time="12.395">
    <system-out><![CDATA[01-17-2022 00:14:14 ExtentLogUtilities.java INFO  [main] runner.carsrunner 14 - playstore button is clicked in page home page
01-17-2022 00:14:24 ExtentLogUtilities.java INFO  [main] runner.carsrunner 14 - playsrore detail shown 
01-17-2022 00:14:25 ExtentLogUtilities.java INFO  [main] runner.carsrunner 14 - home button is clicked in page home page
]]></system-out>
  </testcase>
  <testcase name="CarRental[madhesh, mindtree, madheshmaddy55@gmail.com, 8.760956783E9](1)" classname="com.mindtree.runner.carsrunner" time="20.745">
    <system-out><![CDATA[01-17-2022 00:14:26 ExtentLogUtilities.java INFO  [main] runner.carsrunner 14 - Car Rental is clicked in page Home Page
01-17-2022 00:14:31 ExtentLogUtilities.java INFO  [main] runner.carsrunner 14 - name is clicked in page namebox
01-17-2022 00:14:33 ExtentLogUtilities.java INFO  [main] runner.carsrunner 14 - name is send in page namebox
01-17-2022 00:14:34 ExtentLogUtilities.java INFO  [main] runner.carsrunner 14 - company name is clicked in page compnamebox
01-17-2022 00:14:36 ExtentLogUtilities.java INFO  [main] runner.carsrunner 14 - company name is send in page compnamebox
01-17-2022 00:14:37 ExtentLogUtilities.java INFO  [main] runner.carsrunner 14 - email is clicked in page emailbox
01-17-2022 00:14:38 ExtentLogUtilities.java INFO  [main] runner.carsrunner 14 - email is send in page emailbox
01-17-2022 00:14:39 ExtentLogUtilities.java INFO  [main] runner.carsrunner 14 - phone no is clicked in page phonenobox
01-17-2022 00:14:39 ExtentLogUtilities.java INFO  [main] runner.carsrunner 14 - phone no is send in page phonenobox
01-17-2022 00:14:41 ExtentLogUtilities.java INFO  [main] runner.carsrunner 14 - submit is clicked in page CarRental
01-17-2022 00:14:45 ExtentLogUtilities.java INFO  [main] runner.carsrunner 14 - result detail shown 
01-17-2022 00:14:46 ExtentLogUtilities.java INFO  [main] runner.carsrunner 14 - home button is clicked in page home page
]]></system-out>
  </testcase>
  <testcase name="Onewaycab" classname="com.mindtree.runner.carsrunner" time="13.963">
    <system-out><![CDATA[01-17-2022 00:14:47 ExtentLogUtilities.java INFO  [main] runner.carsrunner 14 - One way cab is clicked in page home page
01-17-2022 00:14:52 ExtentLogUtilities.java INFO  [main] runner.carsrunner 14 - chennaitab is clicked in page onewaycab
01-17-2022 00:14:55 ExtentLogUtilities.java INFO  [main] runner.carsrunner 14 - trl is clicked in page chntab
Book Outstation Cabs, Local & Airport Taxi Service - India's Leading Car Rentals
01-17-2022 00:15:00 ExtentLogUtilities.java INFO  [main] runner.carsrunner 14 - home button is clicked in page home page
]]></system-out>
  </testcase>
  <testcase name="SignOut" classname="com.mindtree.runner.carsrunner" time="27.42">
    <system-out><![CDATA[01-17-2022 00:15:00 ExtentLogUtilities.java INFO  [main] runner.carsrunner 14 - img is clicked in page img
01-17-2022 00:15:03 ExtentLogUtilities.java INFO  [main] runner.carsrunner 14 - bookings is clicked in page bookings
01-17-2022 00:15:06 ExtentLogUtilities.java INFO  [main] runner.carsrunner 14 - cancelled is clicked in page cancelled
01-17-2022 00:15:09 ExtentLogUtilities.java INFO  [main] runner.carsrunner 14 - completed is clicked in page completed
01-17-2022 00:15:11 ExtentLogUtilities.java INFO  [main] runner.carsrunner 14 - booknow is clicked in page booknow
01-17-2022 00:15:14 ExtentLogUtilities.java INFO  [main] runner.carsrunner 14 - img is clicked in page img
01-17-2022 00:15:17 ExtentLogUtilities.java INFO  [main] runner.carsrunner 14 - accountsetting is clicked in page accountsetting
01-17-2022 00:15:20 ExtentLogUtilities.java INFO  [main] runner.carsrunner 14 - home is clicked in page home
01-17-2022 00:15:23 ExtentLogUtilities.java INFO  [main] runner.carsrunner 14 - img is clicked in page img
01-17-2022 00:15:26 ExtentLogUtilities.java INFO  [main] runner.carsrunner 14 - logout is clicked in page logout
01-17-2022 00:15:27 ExtentLogUtilities.java INFO  [main] runner.carsrunner 14 - Signed out sucessfully 
]]></system-out>
  </testcase>
</testsuite>