<?xml version="1.0" encoding="UTF-8"?>
<!-- Generated by org.testng.reporters.JUnitReportReporter -->
<testsuite hostname="LAPTOP-S5PQ46D9" failures="0" tests="3" name="com.mindtree.runner.carsrunner" time="13.237" errors="0" timestamp="2025-10-06T15:38:13 IST" skipped="0">
  <testcase classname="com.mindtree.runner.carsrunner" name="validateTitle" time="0.322"/>
  <testcase classname="com.mindtree.runner.carsrunner" name="LogIn" time="2.325"/>
  <testcase classname="com.mindtree.runner.carsrunner" name="NewAccount" time="10.590"/>
</testsuite> <!-- com.mindtree.runner.carsrunner -->
