<?xml version="1.0" encoding="UTF-8"?>
<!-- Generated by org.testng.reporters.JUnitReportReporter -->
<testsuite hostname="DESKTOP-IPCLUFG" failures="0" tests="10" name="com.mindtree.runner.carsrunner" time="125.828" errors="1" timestamp="2022-01-17T00:15:30 IST" skipped="0">
  <testcase classname="com.mindtree.runner.carsrunner" name="validateTitle" time="0.756"/>
  <testcase classname="com.mindtree.runner.carsrunner" name="LogIn" time="10.371"/>
  <testcase classname="com.mindtree.runner.carsrunner" name="Outstation" time="17.395"/>
  <testcase classname="com.mindtree.runner.carsrunner" name="Selectcar" time="11.641"/>
  <testcase classname="com.mindtree.runner.carsrunner" name="Local" time="6.882"/>
  <testcase classname="com.mindtree.runner.carsrunner" name="Airport" time="4.269">
    <error type="com.mindtree.exceptions.ApplicationException">
      <![CDATA[null
at com.mindtree.runner.carsrunner.Airport(carsrunner.java:163)
at java.base/jdk.internal.reflect.NativeMethodAccessorImpl.invoke0(Native Method)
at java.base/jdk.internal.reflect.NativeMethodAccessorImpl.invoke(NativeMethodAccessorImpl.java:62)
at java.base/jdk.internal.reflect.DelegatingMethodAccessorImpl.invoke(DelegatingMethodAccessorImpl.java:43)
at java.base/java.lang.reflect.Method.invoke(Method.java:566)
at org.testng.internal.MethodInvocationHelper.invokeMethod(MethodInvocationHelper.java:133)
at org.testng.internal.TestInvoker.invokeMethod(TestInvoker.java:584)
at org.testng.internal.TestInvoker.invokeTestMethod(TestInvoker.java:172)
at org.testng.internal.MethodRunner.runInSequence(MethodRunner.java:46)
at org.testng.internal.TestInvoker$MethodInvocationAgent.invoke(TestInvoker.java:804)
at org.testng.internal.TestInvoker.invokeTestMethods(TestInvoker.java:145)
at org.testng.internal.TestMethodWorker.invokeTestMethods(TestMethodWorker.java:146)
at org.testng.internal.TestMethodWorker.run(TestMethodWorker.java:128)
at java.base/java.util.ArrayList.forEach(ArrayList.java:1541)
at org.testng.TestRunner.privateRun(TestRunner.java:770)
at org.testng.TestRunner.run(TestRunner.java:591)
at org.testng.SuiteRunner.runTest(SuiteRunner.java:402)
at org.testng.SuiteRunner.runSequentially(SuiteRunner.java:396)
at org.testng.SuiteRunner.privateRun(SuiteRunner.java:355)
at org.testng.SuiteRunner.run(SuiteRunner.java:304)
at org.testng.SuiteRunnerWorker.runSuite(SuiteRunnerWorker.java:53)
at org.testng.SuiteRunnerWorker.run(SuiteRunnerWorker.java:96)
at org.testng.TestNG.runSuitesSequentially(TestNG.java:1180)
at org.testng.TestNG.runSuitesLocally(TestNG.java:1102)
at org.testng.TestNG.runSuites(TestNG.java:1032)
at org.testng.TestNG.run(TestNG.java:1000)
at org.apache.maven.surefire.testng.TestNGExecutor.run(TestNGExecutor.java:284)
at org.apache.maven.surefire.testng.TestNGXmlTestSuite.execute(TestNGXmlTestSuite.java:75)
at org.apache.maven.surefire.testng.TestNGProvider.invoke(TestNGProvider.java:119)
at org.apache.maven.surefire.booter.ForkedBooter.runSuitesInProcess(ForkedBooter.java:428)
at org.apache.maven.surefire.booter.ForkedBooter.execute(ForkedBooter.java:162)
at org.apache.maven.surefire.booter.ForkedBooter.run(ForkedBooter.java:562)
at org.apache.maven.surefire.booter.ForkedBooter.main(ForkedBooter.java:548)
]]>
    </error>
  </testcase> <!-- Airport -->
  <testcase classname="com.mindtree.runner.carsrunner" name="ThisApp" time="12.394"/>
  <testcase classname="com.mindtree.runner.carsrunner" name="CarRental" time="20.736"/>
  <testcase classname="com.mindtree.runner.carsrunner" name="Onewaycab" time="13.967"/>
  <testcase classname="com.mindtree.runner.carsrunner" name="SignOut" time="27.417"/>
</testsuite> <!-- com.mindtree.runner.carsrunner -->
